Performing C SOURCE FILE Test CMAKE_HAVE_LIBC_PTHREAD failed with the following output:
Change Dir: /home/zzw/zzw/tmap/src/Tmapping/cmake-build-debug/CMakeFiles/CMakeTmp

Run Build Command(s):/usr/bin/make cmTC_ed5ea/fast && /usr/bin/make  -f CMakeFiles/cmTC_ed5ea.dir/build.make CMakeFiles/cmTC_ed5ea.dir/build
make[1]: Entering directory '/home/zzw/zzw/tmap/src/Tmapping/cmake-build-debug/CMakeFiles/CMakeTmp'
Building C object CMakeFiles/cmTC_ed5ea.dir/src.c.o
/usr/bin/cc   -DCMAKE_HAVE_LIBC_PTHREAD   -o CMakeFiles/cmTC_ed5ea.dir/src.c.o   -c /home/zzw/zzw/tmap/src/Tmapping/cmake-build-debug/CMakeFiles/CMakeTmp/src.c
Linking C executable cmTC_ed5ea
/home/zzw/Downloads/clion-2020.3.2/bin/cmake/linux/bin/cmake -E cmake_link_script CMakeFiles/cmTC_ed5ea.dir/link.txt --verbose=1
/usr/bin/cc  -DCMAKE_HAVE_LIBC_PTHREAD    -rdynamic CMakeFiles/cmTC_ed5ea.dir/src.c.o  -o cmTC_ed5ea 
CMakeFiles/cmTC_ed5ea.dir/src.c.o: In function `main':
src.c:(.text+0x3e): undefined reference to `pthread_create'
src.c:(.text+0x4a): undefined reference to `pthread_detach'
src.c:(.text+0x56): undefined reference to `pthread_cancel'
src.c:(.text+0x67): undefined reference to `pthread_join'
src.c:(.text+0x7b): undefined reference to `pthread_atfork'
collect2: error: ld returned 1 exit status
CMakeFiles/cmTC_ed5ea.dir/build.make:106: recipe for target 'cmTC_ed5ea' failed
make[1]: *** [cmTC_ed5ea] Error 1
make[1]: Leaving directory '/home/zzw/zzw/tmap/src/Tmapping/cmake-build-debug/CMakeFiles/CMakeTmp'
Makefile:141: recipe for target 'cmTC_ed5ea/fast' failed
make: *** [cmTC_ed5ea/fast] Error 2


Source file was:
#include <pthread.h>

void* test_func(void* data)
{
  return data;
}

int main(void)
{
  pthread_t thread;
  pthread_create(&thread, NULL, test_func, NULL);
  pthread_detach(thread);
  pthread_cancel(thread);
  pthread_join(thread, NULL);
  pthread_atfork(NULL, NULL, NULL);
  pthread_exit(NULL);

  return 0;
}

Determining if the function pthread_create exists in the pthreads failed with the following output:
Change Dir: /home/zzw/zzw/tmap/src/Tmapping/cmake-build-debug/CMakeFiles/CMakeTmp

Run Build Command(s):/usr/bin/make cmTC_358cb/fast && /usr/bin/make  -f CMakeFiles/cmTC_358cb.dir/build.make CMakeFiles/cmTC_358cb.dir/build
make[1]: Entering directory '/home/zzw/zzw/tmap/src/Tmapping/cmake-build-debug/CMakeFiles/CMakeTmp'
Building C object CMakeFiles/cmTC_358cb.dir/CheckFunctionExists.c.o
/usr/bin/cc   -DCHECK_FUNCTION_EXISTS=pthread_create   -o CMakeFiles/cmTC_358cb.dir/CheckFunctionExists.c.o   -c /home/zzw/Downloads/clion-2020.3.2/bin/cmake/linux/share/cmake-3.17/Modules/CheckFunctionExists.c
Linking C executable cmTC_358cb
/home/zzw/Downloads/clion-2020.3.2/bin/cmake/linux/bin/cmake -E cmake_link_script CMakeFiles/cmTC_358cb.dir/link.txt --verbose=1
/usr/bin/cc  -DCHECK_FUNCTION_EXISTS=pthread_create    -rdynamic CMakeFiles/cmTC_358cb.dir/CheckFunctionExists.c.o  -o cmTC_358cb  -lpthreads 
/usr/bin/ld: cannot find -lpthreads
collect2: error: ld returned 1 exit status
CMakeFiles/cmTC_358cb.dir/build.make:106: recipe for target 'cmTC_358cb' failed
make[1]: *** [cmTC_358cb] Error 1
make[1]: Leaving directory '/home/zzw/zzw/tmap/src/Tmapping/cmake-build-debug/CMakeFiles/CMakeTmp'
Makefile:141: recipe for target 'cmTC_358cb/fast' failed
make: *** [cmTC_358cb/fast] Error 2



Determining if the Q_WS_WIN exist failed with the following output:
Change Dir: /home/zzw/zzw/tmap/src/Tmapping/cmake-build-debug/CMakeFiles/CMakeTmp

Run Build Command(s):/usr/bin/make cmTC_e6761/fast && /usr/bin/make  -f CMakeFiles/cmTC_e6761.dir/build.make CMakeFiles/cmTC_e6761.dir/build
make[1]: Entering directory '/home/zzw/zzw/tmap/src/Tmapping/cmake-build-debug/CMakeFiles/CMakeTmp'
Building CXX object CMakeFiles/cmTC_e6761.dir/CheckSymbolExists.cxx.o
/usr/bin/c++   -I/usr/include/qt4   -o CMakeFiles/cmTC_e6761.dir/CheckSymbolExists.cxx.o -c /home/zzw/zzw/tmap/src/Tmapping/cmake-build-debug/CMakeFiles/CMakeTmp/CheckSymbolExists.cxx
/home/zzw/zzw/tmap/src/Tmapping/cmake-build-debug/CMakeFiles/CMakeTmp/CheckSymbolExists.cxx: In function ‘int main(int, char**)’:
/home/zzw/zzw/tmap/src/Tmapping/cmake-build-debug/CMakeFiles/CMakeTmp/CheckSymbolExists.cxx:8:19: error: ‘Q_WS_WIN’ was not declared in this scope
   return ((int*)(&Q_WS_WIN))[argc];
                   ^~~~~~~~
/home/zzw/zzw/tmap/src/Tmapping/cmake-build-debug/CMakeFiles/CMakeTmp/CheckSymbolExists.cxx:8:19: note: suggested alternative: ‘Q_WS_X11’
   return ((int*)(&Q_WS_WIN))[argc];
                   ^~~~~~~~
                   Q_WS_X11
CMakeFiles/cmTC_e6761.dir/build.make:85: recipe for target 'CMakeFiles/cmTC_e6761.dir/CheckSymbolExists.cxx.o' failed
make[1]: *** [CMakeFiles/cmTC_e6761.dir/CheckSymbolExists.cxx.o] Error 1
make[1]: Leaving directory '/home/zzw/zzw/tmap/src/Tmapping/cmake-build-debug/CMakeFiles/CMakeTmp'
Makefile:141: recipe for target 'cmTC_e6761/fast' failed
make: *** [cmTC_e6761/fast] Error 2


File /home/zzw/zzw/tmap/src/Tmapping/cmake-build-debug/CMakeFiles/CMakeTmp/CheckSymbolExists.cxx:
/* */
#include <QtCore/qglobal.h>

int main(int argc, char** argv)
{
  (void)argv;
#ifndef Q_WS_WIN
  return ((int*)(&Q_WS_WIN))[argc];
#else
  (void)argc;
  return 0;
#endif
}
Determining if the Q_WS_QWS exist failed with the following output:
Change Dir: /home/zzw/zzw/tmap/src/Tmapping/cmake-build-debug/CMakeFiles/CMakeTmp

Run Build Command(s):/usr/bin/make cmTC_f85c1/fast && /usr/bin/make  -f CMakeFiles/cmTC_f85c1.dir/build.make CMakeFiles/cmTC_f85c1.dir/build
make[1]: Entering directory '/home/zzw/zzw/tmap/src/Tmapping/cmake-build-debug/CMakeFiles/CMakeTmp'
Building CXX object CMakeFiles/cmTC_f85c1.dir/CheckSymbolExists.cxx.o
/usr/bin/c++   -I/usr/include/qt4   -o CMakeFiles/cmTC_f85c1.dir/CheckSymbolExists.cxx.o -c /home/zzw/zzw/tmap/src/Tmapping/cmake-build-debug/CMakeFiles/CMakeTmp/CheckSymbolExists.cxx
/home/zzw/zzw/tmap/src/Tmapping/cmake-build-debug/CMakeFiles/CMakeTmp/CheckSymbolExists.cxx: In function ‘int main(int, char**)’:
/home/zzw/zzw/tmap/src/Tmapping/cmake-build-debug/CMakeFiles/CMakeTmp/CheckSymbolExists.cxx:8:19: error: ‘Q_WS_QWS’ was not declared in this scope
   return ((int*)(&Q_WS_QWS))[argc];
                   ^~~~~~~~
/home/zzw/zzw/tmap/src/Tmapping/cmake-build-debug/CMakeFiles/CMakeTmp/CheckSymbolExists.cxx:8:19: note: suggested alternative: ‘Q_WS_X11’
   return ((int*)(&Q_WS_QWS))[argc];
                   ^~~~~~~~
                   Q_WS_X11
CMakeFiles/cmTC_f85c1.dir/build.make:85: recipe for target 'CMakeFiles/cmTC_f85c1.dir/CheckSymbolExists.cxx.o' failed
make[1]: *** [CMakeFiles/cmTC_f85c1.dir/CheckSymbolExists.cxx.o] Error 1
make[1]: Leaving directory '/home/zzw/zzw/tmap/src/Tmapping/cmake-build-debug/CMakeFiles/CMakeTmp'
Makefile:141: recipe for target 'cmTC_f85c1/fast' failed
make: *** [cmTC_f85c1/fast] Error 2


File /home/zzw/zzw/tmap/src/Tmapping/cmake-build-debug/CMakeFiles/CMakeTmp/CheckSymbolExists.cxx:
/* */
#include <QtCore/qglobal.h>

int main(int argc, char** argv)
{
  (void)argv;
#ifndef Q_WS_QWS
  return ((int*)(&Q_WS_QWS))[argc];
#else
  (void)argc;
  return 0;
#endif
}
Determining if the Q_WS_MAC exist failed with the following output:
Change Dir: /home/zzw/zzw/tmap/src/Tmapping/cmake-build-debug/CMakeFiles/CMakeTmp

Run Build Command(s):/usr/bin/make cmTC_390f8/fast && /usr/bin/make  -f CMakeFiles/cmTC_390f8.dir/build.make CMakeFiles/cmTC_390f8.dir/build
make[1]: Entering directory '/home/zzw/zzw/tmap/src/Tmapping/cmake-build-debug/CMakeFiles/CMakeTmp'
Building CXX object CMakeFiles/cmTC_390f8.dir/CheckSymbolExists.cxx.o
/usr/bin/c++   -I/usr/include/qt4   -o CMakeFiles/cmTC_390f8.dir/CheckSymbolExists.cxx.o -c /home/zzw/zzw/tmap/src/Tmapping/cmake-build-debug/CMakeFiles/CMakeTmp/CheckSymbolExists.cxx
/home/zzw/zzw/tmap/src/Tmapping/cmake-build-debug/CMakeFiles/CMakeTmp/CheckSymbolExists.cxx: In function ‘int main(int, char**)’:
/home/zzw/zzw/tmap/src/Tmapping/cmake-build-debug/CMakeFiles/CMakeTmp/CheckSymbolExists.cxx:8:19: error: ‘Q_WS_MAC’ was not declared in this scope
   return ((int*)(&Q_WS_MAC))[argc];
                   ^~~~~~~~
/home/zzw/zzw/tmap/src/Tmapping/cmake-build-debug/CMakeFiles/CMakeTmp/CheckSymbolExists.cxx:8:19: note: suggested alternative: ‘Q_WS_X11’
   return ((int*)(&Q_WS_MAC))[argc];
                   ^~~~~~~~
                   Q_WS_X11
CMakeFiles/cmTC_390f8.dir/build.make:85: recipe for target 'CMakeFiles/cmTC_390f8.dir/CheckSymbolExists.cxx.o' failed
make[1]: *** [CMakeFiles/cmTC_390f8.dir/CheckSymbolExists.cxx.o] Error 1
make[1]: Leaving directory '/home/zzw/zzw/tmap/src/Tmapping/cmake-build-debug/CMakeFiles/CMakeTmp'
Makefile:141: recipe for target 'cmTC_390f8/fast' failed
make: *** [cmTC_390f8/fast] Error 2


File /home/zzw/zzw/tmap/src/Tmapping/cmake-build-debug/CMakeFiles/CMakeTmp/CheckSymbolExists.cxx:
/* */
#include <QtCore/qglobal.h>

int main(int argc, char** argv)
{
  (void)argv;
#ifndef Q_WS_MAC
  return ((int*)(&Q_WS_MAC))[argc];
#else
  (void)argc;
  return 0;
#endif
}
